INFO [2017-12-04 12:16:38] $x
INFO [2017-12-04 12:16:38] list(ced.ven, fdr.ven, dc.ven)
INFO [2017-12-04 12:16:38] 
INFO [2017-12-04 12:16:38] $category.names
INFO [2017-12-04 12:16:38] c("CeD", "FDR", "DC")
INFO [2017-12-04 12:16:38] 
INFO [2017-12-04 12:16:38] $filename
INFO [2017-12-04 12:16:38] [1] "./Figures/Supplementary_figure_3.tiff"
INFO [2017-12-04 12:16:38] 
INFO [2017-12-04 12:16:38] $output
INFO [2017-12-04 12:16:38] [1] TRUE
INFO [2017-12-04 12:16:38] 
INFO [2017-12-04 12:16:38] $imagetype
INFO [2017-12-04 12:16:38] [1] "tiff"
INFO [2017-12-04 12:16:38] 
INFO [2017-12-04 12:16:38] $height
INFO [2017-12-04 12:16:38] [1] 25
INFO [2017-12-04 12:16:38] 
INFO [2017-12-04 12:16:38] $width
INFO [2017-12-04 12:16:38] [1] 25
INFO [2017-12-04 12:16:38] 
INFO [2017-12-04 12:16:38] $units
INFO [2017-12-04 12:16:38] [1] "mm"
INFO [2017-12-04 12:16:38] 
INFO [2017-12-04 12:16:38] $resolution
INFO [2017-12-04 12:16:38] [1] 800
INFO [2017-12-04 12:16:38] 
INFO [2017-12-04 12:16:38] $compression
INFO [2017-12-04 12:16:38] [1] "lzw"
INFO [2017-12-04 12:16:38] 
INFO [2017-12-04 12:16:38] $lwd
INFO [2017-12-04 12:16:38] [1] 2
INFO [2017-12-04 12:16:38] 
INFO [2017-12-04 12:16:38] $lty
INFO [2017-12-04 12:16:38] [1] "blank"
INFO [2017-12-04 12:16:38] 
INFO [2017-12-04 12:16:38] $fill
INFO [2017-12-04 12:16:38] c("#d7191c", "#8da0cb", "#fdae61")
INFO [2017-12-04 12:16:38] 
INFO [2017-12-04 12:16:38] $cex
INFO [2017-12-04 12:16:38] [1] 0.3
INFO [2017-12-04 12:16:38] 
INFO [2017-12-04 12:16:38] $fontface
INFO [2017-12-04 12:16:38] [1] "bold"
INFO [2017-12-04 12:16:38] 
INFO [2017-12-04 12:16:38] $fontfamily
INFO [2017-12-04 12:16:38] [1] "sans"
INFO [2017-12-04 12:16:38] 
INFO [2017-12-04 12:16:38] $cat.cex
INFO [2017-12-04 12:16:38] [1] 0.3
INFO [2017-12-04 12:16:38] 
INFO [2017-12-04 12:16:38] $cat.fontface
INFO [2017-12-04 12:16:38] [1] "bold"
INFO [2017-12-04 12:16:38] 
INFO [2017-12-04 12:16:38] $cat.default.pos
INFO [2017-12-04 12:16:38] [1] "outer"
INFO [2017-12-04 12:16:38] 
INFO [2017-12-04 12:16:38] $cat.pos
INFO [2017-12-04 12:16:38] c(-27, 27, 135)
INFO [2017-12-04 12:16:38] 
INFO [2017-12-04 12:16:38] $cat.dist
INFO [2017-12-04 12:16:38] c(0.055, 0.055, 0.085)
INFO [2017-12-04 12:16:38] 
INFO [2017-12-04 12:16:38] $cat.fontfamily
INFO [2017-12-04 12:16:38] [1] "sans"
INFO [2017-12-04 12:16:38] 
INFO [2017-12-04 12:16:38] $rotation
INFO [2017-12-04 12:16:38] [1] 1
INFO [2017-12-04 12:16:38] 
INFO [2017-12-04 12:16:38] $alpha
INFO [2017-12-04 12:16:38] [1] 0.7
INFO [2017-12-04 12:16:38] 
INFO [2017-12-04 12:16:38] $euler.d
INFO [2017-12-04 12:16:38] [1] 3
INFO [2017-12-04 12:16:38] 
INFO [2017-12-04 12:16:38] $ext.line.lwd
INFO [2017-12-04 12:16:38] [1] 2
INFO [2017-12-04 12:16:38] 
