INFO [2017-12-04 12:17:16] $x
INFO [2017-12-04 12:17:16] list(ced.ven.st, fdr.ven.st, dc.ven.st)
INFO [2017-12-04 12:17:16] 
INFO [2017-12-04 12:17:16] $category.names
INFO [2017-12-04 12:17:16] c("CeD", "FDR", "DC")
INFO [2017-12-04 12:17:16] 
INFO [2017-12-04 12:17:16] $filename
INFO [2017-12-04 12:17:16] [1] "./Figures/Supplementary_figure_5.tiff"
INFO [2017-12-04 12:17:16] 
INFO [2017-12-04 12:17:16] $output
INFO [2017-12-04 12:17:16] [1] TRUE
INFO [2017-12-04 12:17:16] 
INFO [2017-12-04 12:17:16] $imagetype
INFO [2017-12-04 12:17:16] [1] "tiff"
INFO [2017-12-04 12:17:16] 
INFO [2017-12-04 12:17:16] $height
INFO [2017-12-04 12:17:16] [1] 25
INFO [2017-12-04 12:17:16] 
INFO [2017-12-04 12:17:16] $width
INFO [2017-12-04 12:17:16] [1] 25
INFO [2017-12-04 12:17:16] 
INFO [2017-12-04 12:17:16] $units
INFO [2017-12-04 12:17:16] [1] "mm"
INFO [2017-12-04 12:17:16] 
INFO [2017-12-04 12:17:16] $resolution
INFO [2017-12-04 12:17:16] [1] 800
INFO [2017-12-04 12:17:16] 
INFO [2017-12-04 12:17:16] $compression
INFO [2017-12-04 12:17:16] [1] "lzw"
INFO [2017-12-04 12:17:16] 
INFO [2017-12-04 12:17:16] $lwd
INFO [2017-12-04 12:17:16] [1] 2
INFO [2017-12-04 12:17:16] 
INFO [2017-12-04 12:17:16] $lty
INFO [2017-12-04 12:17:16] [1] "blank"
INFO [2017-12-04 12:17:16] 
INFO [2017-12-04 12:17:16] $fill
INFO [2017-12-04 12:17:16] c("#d7191c", "#8da0cb", "#fdae61")
INFO [2017-12-04 12:17:16] 
INFO [2017-12-04 12:17:16] $cex
INFO [2017-12-04 12:17:16] [1] 0.3
INFO [2017-12-04 12:17:16] 
INFO [2017-12-04 12:17:16] $fontface
INFO [2017-12-04 12:17:16] [1] "bold"
INFO [2017-12-04 12:17:16] 
INFO [2017-12-04 12:17:16] $fontfamily
INFO [2017-12-04 12:17:16] [1] "sans"
INFO [2017-12-04 12:17:16] 
INFO [2017-12-04 12:17:16] $cat.cex
INFO [2017-12-04 12:17:16] [1] 0.3
INFO [2017-12-04 12:17:16] 
INFO [2017-12-04 12:17:16] $cat.fontface
INFO [2017-12-04 12:17:16] [1] "bold"
INFO [2017-12-04 12:17:16] 
INFO [2017-12-04 12:17:16] $cat.default.pos
INFO [2017-12-04 12:17:16] [1] "outer"
INFO [2017-12-04 12:17:16] 
INFO [2017-12-04 12:17:16] $cat.pos
INFO [2017-12-04 12:17:16] c(-27, 27, 135)
INFO [2017-12-04 12:17:16] 
INFO [2017-12-04 12:17:16] $cat.dist
INFO [2017-12-04 12:17:16] c(0.055, 0.055, 0.085)
INFO [2017-12-04 12:17:16] 
INFO [2017-12-04 12:17:16] $cat.fontfamily
INFO [2017-12-04 12:17:16] [1] "sans"
INFO [2017-12-04 12:17:16] 
INFO [2017-12-04 12:17:16] $rotation
INFO [2017-12-04 12:17:16] [1] 1
INFO [2017-12-04 12:17:16] 
INFO [2017-12-04 12:17:16] $alpha
INFO [2017-12-04 12:17:16] [1] 0.7
INFO [2017-12-04 12:17:16] 
INFO [2017-12-04 12:17:16] $euler.d
INFO [2017-12-04 12:17:16] [1] 3
INFO [2017-12-04 12:17:16] 
INFO [2017-12-04 12:17:16] $ext.line.lwd
INFO [2017-12-04 12:17:16] [1] 2
INFO [2017-12-04 12:17:16] 
