INFO [2017-12-04 12:19:28] $x
INFO [2017-12-04 12:19:28] list(ced.ven, fdr.ven, dc.ven)
INFO [2017-12-04 12:19:28] 
INFO [2017-12-04 12:19:28] $category.names
INFO [2017-12-04 12:19:28] c("CeD", "FDR", "DC")
INFO [2017-12-04 12:19:28] 
INFO [2017-12-04 12:19:28] $filename
INFO [2017-12-04 12:19:28] [1] "./Figures/Supplementary_figure_3.tiff"
INFO [2017-12-04 12:19:28] 
INFO [2017-12-04 12:19:28] $output
INFO [2017-12-04 12:19:28] [1] TRUE
INFO [2017-12-04 12:19:28] 
INFO [2017-12-04 12:19:28] $imagetype
INFO [2017-12-04 12:19:28] [1] "tiff"
INFO [2017-12-04 12:19:28] 
INFO [2017-12-04 12:19:28] $height
INFO [2017-12-04 12:19:28] [1] 25
INFO [2017-12-04 12:19:28] 
INFO [2017-12-04 12:19:28] $width
INFO [2017-12-04 12:19:28] [1] 25
INFO [2017-12-04 12:19:28] 
INFO [2017-12-04 12:19:28] $units
INFO [2017-12-04 12:19:28] [1] "mm"
INFO [2017-12-04 12:19:28] 
INFO [2017-12-04 12:19:28] $resolution
INFO [2017-12-04 12:19:28] [1] 800
INFO [2017-12-04 12:19:28] 
INFO [2017-12-04 12:19:28] $compression
INFO [2017-12-04 12:19:28] [1] "lzw"
INFO [2017-12-04 12:19:28] 
INFO [2017-12-04 12:19:28] $lwd
INFO [2017-12-04 12:19:28] [1] 2
INFO [2017-12-04 12:19:28] 
INFO [2017-12-04 12:19:28] $lty
INFO [2017-12-04 12:19:28] [1] "blank"
INFO [2017-12-04 12:19:28] 
INFO [2017-12-04 12:19:28] $fill
INFO [2017-12-04 12:19:28] c("#d7191c", "#8da0cb", "#fdae61")
INFO [2017-12-04 12:19:28] 
INFO [2017-12-04 12:19:28] $cex
INFO [2017-12-04 12:19:28] [1] 0.3
INFO [2017-12-04 12:19:28] 
INFO [2017-12-04 12:19:28] $fontface
INFO [2017-12-04 12:19:28] [1] "bold"
INFO [2017-12-04 12:19:28] 
INFO [2017-12-04 12:19:28] $fontfamily
INFO [2017-12-04 12:19:28] [1] "sans"
INFO [2017-12-04 12:19:28] 
INFO [2017-12-04 12:19:28] $cat.cex
INFO [2017-12-04 12:19:28] [1] 0.3
INFO [2017-12-04 12:19:28] 
INFO [2017-12-04 12:19:28] $cat.fontface
INFO [2017-12-04 12:19:28] [1] "bold"
INFO [2017-12-04 12:19:28] 
INFO [2017-12-04 12:19:28] $cat.default.pos
INFO [2017-12-04 12:19:28] [1] "outer"
INFO [2017-12-04 12:19:28] 
INFO [2017-12-04 12:19:28] $cat.pos
INFO [2017-12-04 12:19:28] c(-27, 27, 135)
INFO [2017-12-04 12:19:28] 
INFO [2017-12-04 12:19:28] $cat.dist
INFO [2017-12-04 12:19:28] c(0.055, 0.055, 0.085)
INFO [2017-12-04 12:19:28] 
INFO [2017-12-04 12:19:28] $cat.fontfamily
INFO [2017-12-04 12:19:28] [1] "sans"
INFO [2017-12-04 12:19:28] 
INFO [2017-12-04 12:19:28] $rotation
INFO [2017-12-04 12:19:28] [1] 1
INFO [2017-12-04 12:19:28] 
INFO [2017-12-04 12:19:28] $alpha
INFO [2017-12-04 12:19:28] [1] 0.7
INFO [2017-12-04 12:19:28] 
INFO [2017-12-04 12:19:28] $euler.d
INFO [2017-12-04 12:19:28] [1] 3
INFO [2017-12-04 12:19:28] 
INFO [2017-12-04 12:19:28] $ext.line.lwd
INFO [2017-12-04 12:19:28] [1] 2
INFO [2017-12-04 12:19:28] 
