INFO [2017-12-04 12:19:33] $x
INFO [2017-12-04 12:19:33] list(ced.ven.st, fdr.ven.st, dc.ven.st)
INFO [2017-12-04 12:19:33] 
INFO [2017-12-04 12:19:33] $category.names
INFO [2017-12-04 12:19:33] c("CeD", "FDR", "DC")
INFO [2017-12-04 12:19:33] 
INFO [2017-12-04 12:19:33] $filename
INFO [2017-12-04 12:19:33] [1] "./Figures/Supplementary_figure_5.tiff"
INFO [2017-12-04 12:19:33] 
INFO [2017-12-04 12:19:33] $output
INFO [2017-12-04 12:19:33] [1] TRUE
INFO [2017-12-04 12:19:33] 
INFO [2017-12-04 12:19:33] $imagetype
INFO [2017-12-04 12:19:33] [1] "tiff"
INFO [2017-12-04 12:19:33] 
INFO [2017-12-04 12:19:33] $height
INFO [2017-12-04 12:19:33] [1] 25
INFO [2017-12-04 12:19:33] 
INFO [2017-12-04 12:19:33] $width
INFO [2017-12-04 12:19:33] [1] 25
INFO [2017-12-04 12:19:33] 
INFO [2017-12-04 12:19:33] $units
INFO [2017-12-04 12:19:33] [1] "mm"
INFO [2017-12-04 12:19:33] 
INFO [2017-12-04 12:19:33] $resolution
INFO [2017-12-04 12:19:33] [1] 800
INFO [2017-12-04 12:19:33] 
INFO [2017-12-04 12:19:33] $compression
INFO [2017-12-04 12:19:33] [1] "lzw"
INFO [2017-12-04 12:19:33] 
INFO [2017-12-04 12:19:33] $lwd
INFO [2017-12-04 12:19:33] [1] 2
INFO [2017-12-04 12:19:33] 
INFO [2017-12-04 12:19:33] $lty
INFO [2017-12-04 12:19:33] [1] "blank"
INFO [2017-12-04 12:19:33] 
INFO [2017-12-04 12:19:33] $fill
INFO [2017-12-04 12:19:33] c("#d7191c", "#8da0cb", "#fdae61")
INFO [2017-12-04 12:19:33] 
INFO [2017-12-04 12:19:33] $cex
INFO [2017-12-04 12:19:33] [1] 0.3
INFO [2017-12-04 12:19:33] 
INFO [2017-12-04 12:19:33] $fontface
INFO [2017-12-04 12:19:33] [1] "bold"
INFO [2017-12-04 12:19:33] 
INFO [2017-12-04 12:19:33] $fontfamily
INFO [2017-12-04 12:19:33] [1] "sans"
INFO [2017-12-04 12:19:33] 
INFO [2017-12-04 12:19:33] $cat.cex
INFO [2017-12-04 12:19:33] [1] 0.3
INFO [2017-12-04 12:19:33] 
INFO [2017-12-04 12:19:33] $cat.fontface
INFO [2017-12-04 12:19:33] [1] "bold"
INFO [2017-12-04 12:19:33] 
INFO [2017-12-04 12:19:33] $cat.default.pos
INFO [2017-12-04 12:19:33] [1] "outer"
INFO [2017-12-04 12:19:33] 
INFO [2017-12-04 12:19:33] $cat.pos
INFO [2017-12-04 12:19:33] c(-27, 27, 135)
INFO [2017-12-04 12:19:33] 
INFO [2017-12-04 12:19:33] $cat.dist
INFO [2017-12-04 12:19:33] c(0.055, 0.055, 0.085)
INFO [2017-12-04 12:19:33] 
INFO [2017-12-04 12:19:33] $cat.fontfamily
INFO [2017-12-04 12:19:33] [1] "sans"
INFO [2017-12-04 12:19:33] 
INFO [2017-12-04 12:19:33] $rotation
INFO [2017-12-04 12:19:33] [1] 1
INFO [2017-12-04 12:19:33] 
INFO [2017-12-04 12:19:33] $alpha
INFO [2017-12-04 12:19:33] [1] 0.7
INFO [2017-12-04 12:19:33] 
INFO [2017-12-04 12:19:33] $euler.d
INFO [2017-12-04 12:19:33] [1] 3
INFO [2017-12-04 12:19:33] 
INFO [2017-12-04 12:19:33] $ext.line.lwd
INFO [2017-12-04 12:19:33] [1] 2
INFO [2017-12-04 12:19:33] 
